2025-05-19 06:33:03 - /ProyectoVenta/public/api/productos - ::1
2025-05-19 06:33:04 - /ProyectoVenta/public/api/productos - ::1
2025-05-19 06:33:15 - /ProyectoVenta/public/api/productos - ::1
2025-05-19 06:33:15 - /ProyectoVenta/public/api/productos - ::1
2025-05-19 06:33:40 - /ProyectoVenta/public/api/productos/proveedores - ::1
2025-05-19 06:33:40 - /ProyectoVenta/public/api/productos/proveedores - ::1
2025-05-19 06:33:51 - /ProyectoVenta/public/api/productos/categorias - ::1
2025-05-19 06:33:51 - /ProyectoVenta/public/api/productos/categorias - ::1
2025-05-19 06:35:04 - /ProyectoVenta/public/api/categorias - ::1
2025-05-19 06:38:29 - /ProyectoVenta/public/api/productos - ::1
2025-05-19 06:38:29 - /ProyectoVenta/public/api/productos - ::1
2025-05-19 06:38:32 - /ProyectoVenta/public/api/productos/categorias - ::1
2025-05-19 06:38:32 - /ProyectoVenta/public/api/productos/categorias - ::1
2025-05-19 06:38:37 - /ProyectoVenta/public/api/categorias - ::1
2025-05-19 06:38:40 - /ProyectoVenta/public/api/categorias - ::1
2025-05-19 06:39:11 - /ProyectoVenta/public/api/categorias - ::1
2025-05-19 06:44:47 - /ProyectoVenta/public/api/categorias - ::1
2025-05-19 06:47:37 - /ProyectoVenta/public/api/productos - ::1
2025-05-19 06:47:38 - /ProyectoVenta/public/api/productos - ::1
2025-05-19 06:47:46 - /ProyectoVenta/public/api/categorias - ::1
2025-05-19 06:47:46 - /ProyectoVenta/public/api/categorias - ::1
2025-05-19 06:47:56 - /ProyectoVenta/public/api/categorias - ::1
2025-05-19 06:47:59 - /ProyectoVenta/public/api/categorias - ::1
2025-05-19 06:49:13 - /ProyectoVenta/public/api/categorias - ::1
2025-05-19 06:49:31 - /ProyectoVenta/public/api/categorias - ::1
2025-05-19 06:49:45 - /ProyectoVenta/public/api/productos - ::1
2025-05-19 06:49:46 - /ProyectoVenta/public/api/productos - ::1
2025-05-19 06:49:48 - /ProyectoVenta/public/api/categorias - ::1
2025-05-19 06:49:48 - /ProyectoVenta/public/api/categorias - ::1
2025-05-19 06:55:18 - /ProyectoVenta/public/api/categorias - ::1
2025-05-19 07:00:00 - /ProyectoVenta/public/api/categorias - ::1
2025-05-19 07:03:44 - /ProyectoVenta/public/api/categorias - ::1
2025-05-19 07:03:50 - /ProyectoVenta/public/api/categorias - ::1
2025-05-19 07:05:43 - /ProyectoVenta/public/api/categorias - ::1
2025-05-19 07:05:45 - /ProyectoVenta/public/api/categorias - ::1
2025-05-19 07:06:46 - /ProyectoVenta/public/api/categorias - ::1
2025-05-19 07:32:58 - /ProyectoVenta/public/api/productos - ::1
2025-05-19 07:32:59 - /ProyectoVenta/public/api/productos - ::1
2025-05-19 07:33:02 - /ProyectoVenta/public/api/productos - ::1
2025-05-19 07:33:02 - /ProyectoVenta/public/api/productos - ::1
2025-05-19 07:33:05 - /ProyectoVenta/public/api/productos/proveedores - ::1
2025-05-19 07:33:05 - /ProyectoVenta/public/api/productos/proveedores - ::1
2025-05-19 07:33:20 - /ProyectoVenta/public/api/productos - ::1
2025-05-19 07:33:20 - /ProyectoVenta/public/api/productos - ::1
2025-05-19 07:33:24 - /ProyectoVenta/public/api/categorias - ::1
2025-05-19 07:33:24 - /ProyectoVenta/public/api/categorias - ::1
2025-05-19 07:33:36 - /ProyectoVenta/public/api/productos/proveedores - ::1
2025-05-19 07:33:36 - /ProyectoVenta/public/api/productos/proveedores - ::1
2025-05-19 07:35:04 - /ProyectoVenta/public/api/categorias - ::1
2025-05-19 07:35:18 - /ProyectoVenta/public/src/api/categorias - ::1
2025-05-19 07:35:33 - /ProyectoVenta/public/api/categorias - ::1
2025-05-19 07:36:51 - /ProyectoVenta/public/api/categorias - ::1
2025-05-19 07:38:10 - /ProyectoVenta/public/api/categorias - ::1
2025-05-19 07:46:12 - /ProyectoVenta/public/api/categorias - ::1
2025-05-19 07:47:38 - /ProyectoVenta/public/api/categorias - ::1
2025-05-19 07:47:45 - /ProyectoVenta/public/api/productos - ::1
2025-05-19 07:47:45 - /ProyectoVenta/public/api/productos - ::1
2025-05-19 07:47:49 - /ProyectoVenta/public/api/categorias - ::1
2025-05-19 07:47:49 - /ProyectoVenta/public/api/categorias - ::1
2025-05-19 07:48:12 - /ProyectoVenta/public/api/productos - ::1
2025-05-19 07:48:12 - /ProyectoVenta/public/api/productos - ::1
2025-05-19 07:48:16 - /ProyectoVenta/public/api/categorias - ::1
2025-05-19 07:48:16 - /ProyectoVenta/public/api/categorias - ::1
2025-05-19 07:51:13 - /ProyectoVenta/public/api/categorias - ::1
2025-05-19 07:51:13 - /ProyectoVenta/public/api/categorias - ::1
2025-05-19 07:53:04 - /ProyectoVenta/public/api/categorias - ::1
2025-05-19 07:53:19 - /ProyectoVenta/public/api/categorias - ::1
2025-05-19 08:03:01 - /ProyectoVenta/public/api/categorias - ::1
2025-05-19 08:03:01 - /ProyectoVenta/public/api/categorias - ::1
2025-05-19 08:05:58 - /ProyectoVenta/public/api/categorias - ::1
2025-05-19 08:09:09 - /ProyectoVenta/public/api/categorias - ::1
2025-05-19 08:09:26 - /ProyectoVenta/public/api/categorias - ::1
2025-05-19 08:09:26 - /ProyectoVenta/public/api/categorias - ::1
2025-05-19 08:09:28 - /ProyectoVenta/public/api/categorias - ::1
2025-05-19 08:09:28 - /ProyectoVenta/public/api/categorias - ::1
2025-05-19 08:09:28 - /ProyectoVenta/public/api/categorias - ::1
2025-05-19 19:12:16 - /ProyectoVenta/public/api/productos - ::1
2025-05-19 19:12:16 - /ProyectoVenta/public/api/productos - ::1
2025-05-19 19:12:22 - /ProyectoVenta/public/api/productos - ::1
2025-05-19 19:12:22 - /ProyectoVenta/public/api/productos - ::1
2025-05-19 19:12:52 - /ProyectoVenta/public/api/productos/proveedores - ::1
2025-05-19 19:12:52 - /ProyectoVenta/public/api/productos/proveedores - ::1
2025-05-19 19:13:00 - /ProyectoVenta/public/api/productos - ::1
2025-05-19 19:13:00 - /ProyectoVenta/public/api/productos - ::1
2025-05-19 19:14:04 - /ProyectoVenta/public/api/compras/realizar - ::1
2025-05-19 19:14:04 - /ProyectoVenta/public/api/compras/realizar - ::1
2025-05-19 19:15:02 - /ProyectoVenta/public/api/compras/realizar - ::1
2025-05-19 19:15:02 - /ProyectoVenta/public/api/compras/realizar - ::1
2025-05-19 19:15:12 - /ProyectoVenta/public/api/productos - ::1
2025-05-19 19:15:12 - /ProyectoVenta/public/api/productos - ::1
2025-05-19 19:15:45 - /ProyectoVenta/public/api/categorias - ::1
2025-05-19 19:15:45 - /ProyectoVenta/public/api/categorias - ::1
2025-05-19 19:17:33 - /ProyectoVenta/public/api/categorias - ::1
2025-05-19 19:17:33 - /ProyectoVenta/public/api/categorias - ::1
2025-05-19 19:17:42 - /ProyectoVenta/public/api/compras/realizar - ::1
2025-05-19 19:17:42 - /ProyectoVenta/public/api/compras/realizar - ::1
2025-05-19 19:18:16 - /ProyectoVenta/public/api/productos - ::1
2025-05-19 19:18:16 - /ProyectoVenta/public/api/productos - ::1
2025-05-19 19:18:19 - /ProyectoVenta/public/api/categorias - ::1
2025-05-19 19:18:19 - /ProyectoVenta/public/api/categorias - ::1
2025-05-19 19:25:40 - /ProyectoVenta/public/api/productos - ::1
2025-05-19 19:25:40 - /ProyectoVenta/public/api/productos - ::1
2025-05-19 19:25:44 - /ProyectoVenta/public/api/categorias - ::1
2025-05-19 19:25:44 - /ProyectoVenta/public/api/categorias - ::1
2025-05-19 19:25:47 - /ProyectoVenta/public/api/categorias - ::1
2025-05-19 19:25:47 - /ProyectoVenta/public/api/categorias - ::1
2025-05-19 19:25:47 - /ProyectoVenta/public/api/categorias - ::1
2025-05-19 19:26:02 - /ProyectoVenta/public/api/productos - ::1
2025-05-19 19:26:02 - /ProyectoVenta/public/api/productos - ::1
2025-05-19 19:26:05 - /ProyectoVenta/public/api/categorias - ::1
2025-05-19 19:26:05 - /ProyectoVenta/public/api/categorias - ::1
2025-05-19 19:28:20 - /ProyectoVenta/public/api/productos - ::1
2025-05-19 19:28:20 - /ProyectoVenta/public/api/productos - ::1
2025-05-19 19:28:22 - /ProyectoVenta/public/api/categorias - ::1
2025-05-19 19:28:22 - /ProyectoVenta/public/api/categorias - ::1
